07:37:01:094 [ALWAYS]	GUDE Logging Started
07:37:01:094 [INFO]	SqliteResumeCache::SqliteResumeCache basedirectory is null/empty
07:37:01:094 [ERROR]	SqliteResumeCache::CreateSqliteResumeCache creating resume cache pointer failure
07:37:01:094 [ERROR]	Initialize resume cache pointer failure
07:37:01:094 [INFO]	gude policy POLICY_USER limit (2,2,1) chunk 2097152, chunking (UL 0 DL 1), resXfer 1, adapt 0, NSURL 0, timeout 86400 
07:37:01:094 [INFO]	Initialized -- gude-lib version: v0.12.1 app: gude
07:37:02:838 [WARN]	Ignoring attempt to reinit logging to \gude at level 4 retaining 3 days of logs
07:37:02:838 [INFO]	SqliteResumeCache::SqliteResumeCache basedirectory is null/empty
07:37:02:838 [ERROR]	SqliteResumeCache::CreateSqliteResumeCache creating resume cache pointer failure
07:37:02:838 [ERROR]	Initialize resume cache pointer failure
07:37:02:838 [INFO]	gude policy POLICY_USER limit (4,4,1) chunk 2097152, chunking (UL 0 DL 1), resXfer 1, adapt 0, NSURL 1, timeout 86400 
07:37:02:838 [INFO]	Initialized -- gude-lib version: v0.12.1 app: gude
09:40:02:218 [ALWAYS]	GUDE Logging Started
09:40:02:218 [INFO]	SqliteResumeCache::SqliteResumeCache basedirectory is null/empty
09:40:02:218 [ERROR]	SqliteResumeCache::CreateSqliteResumeCache creating resume cache pointer failure
09:40:02:218 [ERROR]	Initialize resume cache pointer failure
09:40:02:218 [INFO]	gude policy POLICY_USER limit (2,2,1) chunk 2097152, chunking (UL 0 DL 1), resXfer 1, adapt 0, NSURL 0, timeout 86400 
09:40:02:218 [INFO]	Initialized -- gude-lib version: v0.12.1 app: gude
09:40:07:346 [WARN]	Ignoring attempt to reinit logging to \gude at level 4 retaining 3 days of logs
09:40:07:346 [INFO]	SqliteResumeCache::SqliteResumeCache basedirectory is null/empty
09:40:07:346 [ERROR]	SqliteResumeCache::CreateSqliteResumeCache creating resume cache pointer failure
09:40:07:346 [ERROR]	Initialize resume cache pointer failure
09:40:07:346 [INFO]	gude policy POLICY_USER limit (4,4,1) chunk 2097152, chunking (UL 0 DL 1), resXfer 1, adapt 0, NSURL 1, timeout 86400 
09:40:07:346 [INFO]	Initialized -- gude-lib version: v0.12.1 app: gude
